<?xml version="1.0" encoding="UTF-8"?>
<!-- Generated by org.testng.reporters.JUnitReportReporter -->
<testsuite skipped="0" hostname="Anish-PC" name="com.flipkart.search.BuyBook" tests="1" failures="0" timestamp="06 Nov 2018 01:08:10 GMT" time="20.000" errors="0">
  <testcase name="ShopBook" time="20.000" classname="com.flipkart.search.BuyBook"/>
</testsuite> <!-- com.flipkart.search.BuyBook -->
